<?xml version="1.0" encoding="UTF-8"?>
<!-- Generated by org.testng.reporters.JUnitReportReporter -->
<testsuite hostname="DESKTOP-HTJJPCU" failures="0" tests="1" name="Runner.TeestRunner" time="4.506" errors="0" timestamp="2024-10-06T11:49:45 IST" skipped="0">
  <testcase classname="Runner.TeestRunner" name="runScenario" time="4.506"/>
</testsuite> <!-- Runner.TeestRunner -->
